<?xml version="1.0" encoding="UTF-8"?>
<!-- Generated by org.testng.reporters.JUnitXMLReporter -->
<testsuite hostname="HYDNBK136589" name="Test" tests="5" failures="1" timestamp="21 Nov 2017 10:38:41 GMT" time="169.742" errors="0">
  <testcase name="validateOverviewPageForFund" time="17.506" classname="internationalTests.FOComponents">
    <failure type="java.lang.RuntimeException" message="FAILED">
      <![CDATA[java.lang.RuntimeException: FAILED
	at utils.Reporter.reportStep(Reporter.java:34)
	at utils.Reporter.reportStep(Reporter.java:44)
	at wdMethods.SeMethods.click(SeMethods.java:142)
	at internationalPages.PriceAndPerformancePage.clickFund(PriceAndPerformancePage.java:46)
	at internationalTests.FOComponents.validateOverviewPageForFund(FOComponents.java:29)
... Removed 24 stack frames]]>
    </failure>
  </testcase> <!-- validateOverviewPageForFund -->
  <testcase name="validatePPSSPageMainTabs" time="13.574" classname="internationalTests.ppssMainTabValidation"/>
  <testcase name="validateFndIdentifiers" time="16.222" classname="internationalTests.ppssFndIdentifiesrTab"/>
  <testcase name="validateFndInfromationWidget" time="21.468" classname="internationalTests.FOFndInfromationWidget"/>
  <testcase name="ppssFndIdentifiesrTabFilterValidation" time="25.093" classname="internationalTests.ppssFndIdentifiesrTabFilter"/>
</testsuite> <!-- Test -->
